  [1m[35m (0.6ms)[0m  [1m[35mDROP DATABASE IF EXISTS "wishListApi_development"[0m
  [1m[35m (0.2ms)[0m  [1m[35mDROP DATABASE IF EXISTS "wishListApi_test"[0m
  [1m[35m (609.0ms)[0m  [1m[35mCREATE DATABASE "wishListApi_development" ENCODING = 'unicode'[0m
  [1m[35m (394.8ms)[0m  [1m[35mCREATE DATABASE "wishListApi_test" ENCODING = 'unicode'[0m
  [1m[35m (8.7ms)[0m  [1m[35mCREATE TABLE "schema_migrations" ("version" character varying PRIMARY KEY)[0m
  [1m[35m (22.0ms)[0m  [1m[35mCREATE TABLE "ar_internal_metadata" ("key" character varying PRIMARY KEY, "value" character varying, "created_at" timestamp NOT NULL, "updated_at" timestamp NOT NULL)[0m
  [1m[35m (0.4ms)[0m  [1m[34mSELECT pg_try_advisory_lock(4003604123733971505);[0m
  [1m[36mActiveRecord::SchemaMigration Load (0.6ms)[0m  [1m[34mSELECT "schema_migrations".* FROM "schema_migrations"[0m
Migrating to CreateUsers (1)
  [1m[35m (0.2ms)[0m  [1m[35mBEGIN[0m
DEPRECATION WARNING: Directly inheriting from ActiveRecord::Migration is deprecated. Please specify the Rails release the migration was written for:

  class CreateUsers < ActiveRecord::Migration[4.2] (called from load at /Users/joaobeltrami/.rbenv/versions/2.3.1/bin/rake:23)
  [1m[35m (22.5ms)[0m  [1m[35mCREATE TABLE "users" ("id" serial primary key, "email" character varying NOT NULL, "token" character varying NOT NULL, "password_digest" character varying NOT NULL, "created_at" timestamp NOT NULL, "updated_at" timestamp NOT NULL)[0m
  [1m[35m (1.3ms)[0m  [1m[35mCREATE UNIQUE INDEX  "index_users_on_email" ON "users"  ("email")[0m
  [1m[35m (1.0ms)[0m  [1m[35mCREATE UNIQUE INDEX  "index_users_on_token" ON "users"  ("token")[0m
  [1m[35mSQL (0.5ms)[0m  [1m[32mINSERT INTO "schema_migrations" ("version") VALUES ($1) RETURNING "version"[0m  [["version", "1"]]
  [1m[35m (6.4ms)[0m  [1m[35mCOMMIT[0m
Migrating to CreateExamples (2)
  [1m[35m (12.1ms)[0m  [1m[35mBEGIN[0m
DEPRECATION WARNING: Directly inheriting from ActiveRecord::Migration is deprecated. Please specify the Rails release the migration was written for:

  class CreateExamples < ActiveRecord::Migration[4.2] (called from load at /Users/joaobeltrami/.rbenv/versions/2.3.1/bin/rake:23)
  [1m[35m (29.5ms)[0m  [1m[35mCREATE TABLE "examples" ("id" serial primary key, "text" text NOT NULL, "user_id" integer NOT NULL, "created_at" timestamp NOT NULL, "updated_at" timestamp NOT NULL, CONSTRAINT "fk_rails_ae101d15cc"
FOREIGN KEY ("user_id")
  REFERENCES "users" ("id")
)[0m
  [1m[35m (1.0ms)[0m  [1m[35mCREATE  INDEX  "index_examples_on_user_id" ON "examples"  ("user_id")[0m
  [1m[35mSQL (0.4ms)[0m  [1m[32mINSERT INTO "schema_migrations" ("version") VALUES ($1) RETURNING "version"[0m  [["version", "2"]]
  [1m[35m (0.6ms)[0m  [1m[35mCOMMIT[0m
  [1m[36mActiveRecord::InternalMetadata Load (0.4ms)[0m  [1m[34mSELECT  "ar_internal_metadata".* FROM "ar_internal_metadata" WHERE "ar_internal_metadata"."key" = $1 LIMIT $2[0m  [["key", :environment], ["LIMIT", 1]]
  [1m[35m (0.2ms)[0m  [1m[35mBEGIN[0m
  [1m[35mSQL (0.9ms)[0m  [1m[32mINSERT INTO "ar_internal_metadata" ("key", "value", "created_at", "updated_at") VALUES ($1, $2, $3, $4) RETURNING "key"[0m  [["key", "environment"], ["value", "development"], ["created_at", 2017-05-01 01:40:49 UTC], ["updated_at", 2017-05-01 01:40:49 UTC]]
  [1m[35m (0.4ms)[0m  [1m[35mCOMMIT[0m
  [1m[35m (0.3ms)[0m  [1m[34mSELECT pg_advisory_unlock(4003604123733971505)[0m
  [1m[36mActiveRecord::SchemaMigration Load (6.7ms)[0m  [1m[34mSELECT "schema_migrations".* FROM "schema_migrations"[0m
  [1m[36mActiveRecord::SchemaMigration Load (0.2ms)[0m  [1m[34mSELECT "schema_migrations".* FROM "schema_migrations"[0m
Started GET "/" for 127.0.0.1 at 2017-04-30 21:41:41 -0400
  [1m[36mActiveRecord::SchemaMigration Load (0.9ms)[0m  [1m[34mSELECT "schema_migrations".* FROM "schema_migrations"[0m
Processing by Rails::WelcomeController#index as HTML
  Parameters: {"internal"=>true}
  Rendering /Users/joaobeltrami/.rbenv/versions/2.3.1/lib/ruby/gems/2.3.0/gems/railties-5.0.1/lib/rails/templates/rails/welcome/index.html.erb
  Rendered /Users/joaobeltrami/.rbenv/versions/2.3.1/lib/ruby/gems/2.3.0/gems/railties-5.0.1/lib/rails/templates/rails/welcome/index.html.erb (6.5ms)
Completed 200 OK in 21ms (Views: 16.8ms | ActiveRecord: 0.0ms)


Started POST "/sign-up" for 127.0.0.1 at 2017-05-04 18:30:03 -0400
  [1m[36mActiveRecord::SchemaMigration Load (24.5ms)[0m  [1m[34mSELECT "schema_migrations".* FROM "schema_migrations"[0m
  
ActiveRecord::PendingMigrationError (

Migrations are pending. To resolve this issue, run:

        bin/rails db:migrate RAILS_ENV=development

):
  
activerecord (5.0.1) lib/active_record/migration.rb:573:in `check_pending!'
activerecord (5.0.1) lib/active_record/migration.rb:549:in `call'
actionpack (5.0.1) lib/action_dispatch/middleware/callbacks.rb:38:in `block in call'
activesupport (5.0.1) lib/active_support/callbacks.rb:97:in `__run_callbacks__'
activesupport (5.0.1) lib/active_support/callbacks.rb:750:in `_run_call_callbacks'
activesupport (5.0.1) lib/active_support/callbacks.rb:90:in `run_callbacks'
actionpack (5.0.1) lib/action_dispatch/middleware/callbacks.rb:36:in `call'
actionpack (5.0.1) lib/action_dispatch/middleware/executor.rb:12:in `call'
actionpack (5.0.1) lib/action_dispatch/middleware/remote_ip.rb:79:in `call'
actionpack (5.0.1) lib/action_dispatch/middleware/debug_exceptions.rb:49:in `call'
actionpack (5.0.1) lib/action_dispatch/middleware/show_exceptions.rb:31:in `call'
railties (5.0.1) lib/rails/rack/logger.rb:36:in `call_app'
railties (5.0.1) lib/rails/rack/logger.rb:24:in `block in call'
activesupport (5.0.1) lib/active_support/tagged_logging.rb:69:in `block in tagged'
activesupport (5.0.1) lib/active_support/tagged_logging.rb:26:in `tagged'
activesupport (5.0.1) lib/active_support/tagged_logging.rb:69:in `tagged'
railties (5.0.1) lib/rails/rack/logger.rb:24:in `call'
actionpack (5.0.1) lib/action_dispatch/middleware/request_id.rb:24:in `call'
rack (2.0.1) lib/rack/runtime.rb:22:in `call'
activesupport (5.0.1) lib/active_support/cache/strategy/local_cache_middleware.rb:28:in `call'
actionpack (5.0.1) lib/action_dispatch/middleware/executor.rb:12:in `call'
actionpack (5.0.1) lib/action_dispatch/middleware/static.rb:136:in `call'
rack (2.0.1) lib/rack/sendfile.rb:111:in `call'
rack-cors (0.4.0) lib/rack/cors.rb:80:in `call'
railties (5.0.1) lib/rails/engine.rb:522:in `call'
puma (3.7.0) lib/puma/configuration.rb:226:in `call'
puma (3.7.0) lib/puma/server.rb:578:in `handle_request'
puma (3.7.0) lib/puma/server.rb:415:in `process_client'
puma (3.7.0) lib/puma/server.rb:275:in `block in run'
puma (3.7.0) lib/puma/thread_pool.rb:120:in `block in spawn_thread'
  [1m[35m (13.7ms)[0m  [1m[34mSELECT pg_try_advisory_lock(4003604123733971505);[0m
  [1m[36mActiveRecord::SchemaMigration Load (0.5ms)[0m  [1m[34mSELECT "schema_migrations".* FROM "schema_migrations"[0m
Migrating to CreateWishes (20170504220617)
  [1m[35m (0.2ms)[0m  [1m[35mBEGIN[0m
  [1m[35m (86.5ms)[0m  [1m[35mCREATE TABLE "wishes" ("id" serial primary key, "user_id" integer, "wish" character varying NOT NULL, "created_at" timestamp NOT NULL, "updated_at" timestamp NOT NULL, CONSTRAINT "fk_rails_80dc2ed976"
FOREIGN KEY ("user_id")
  REFERENCES "users" ("id")
)[0m
  [1m[35m (2.1ms)[0m  [1m[35mCREATE  INDEX  "index_wishes_on_user_id" ON "wishes"  ("user_id")[0m
  [1m[35mSQL (25.6ms)[0m  [1m[32mINSERT INTO "schema_migrations" ("version") VALUES ($1) RETURNING "version"[0m  [["version", "20170504220617"]]
  [1m[35m (2.1ms)[0m  [1m[35mCOMMIT[0m
  [1m[36mActiveRecord::InternalMetadata Load (2.9ms)[0m  [1m[34mSELECT  "ar_internal_metadata".* FROM "ar_internal_metadata" WHERE "ar_internal_metadata"."key" = $1 LIMIT $2[0m  [["key", :environment], ["LIMIT", 1]]
  [1m[35m (0.2ms)[0m  [1m[35mBEGIN[0m
  [1m[35m (0.5ms)[0m  [1m[35mCOMMIT[0m
  [1m[35m (0.6ms)[0m  [1m[34mSELECT pg_advisory_unlock(4003604123733971505)[0m
  [1m[36mActiveRecord::SchemaMigration Load (0.3ms)[0m  [1m[34mSELECT "schema_migrations".* FROM "schema_migrations"[0m
Started POST "/sign-up" for 127.0.0.1 at 2017-05-04 18:32:01 -0400
  [1m[36mActiveRecord::SchemaMigration Load (0.7ms)[0m  [1m[34mSELECT "schema_migrations".* FROM "schema_migrations"[0m
Processing by UsersController#signup as */*
  Parameters: {"credentials"=>{"email"=>"joao_beltrami@hotmail.com", "password"=>"[FILTERED]", "password_confirmation"=>"[FILTERED]"}, "submit"=>"Sign up!"}
  [1m[35m (0.2ms)[0m  [1m[35mBEGIN[0m
  [1m[36mUser Exists (1.6ms)[0m  [1m[34mSELECT  1 AS one FROM "users" WHERE "users"."email" = $1 LIMIT $2[0m  [["email", "joao_beltrami@hotmail.com"], ["LIMIT", 1]]
  [1m[35mSQL (18.2ms)[0m  [1m[32mINSERT INTO "users" ("email", "token", "password_digest", "created_at", "updated_at") VALUES ($1, $2, $3, $4, $5) RETURNING "id"[0m  [["email", "joao_beltrami@hotmail.com"], ["token", "b9865f3325051ffdba3ce35e75db311f"], ["password_digest", "$2a$10$t7K8wknNt4GXY47XBaGfc.O0oidkKihhYww9X2RUi7RPAQkoiYIoy"], ["created_at", 2017-05-04 22:32:02 UTC], ["updated_at", 2017-05-04 22:32:02 UTC]]
  [1m[35m (0.4ms)[0m  [1m[35mCOMMIT[0m
  [1m[36mUser Exists (0.5ms)[0m  [1m[34mSELECT  1 AS one FROM "users" WHERE "users"."email" = $1 AND ("users"."id" != $2) LIMIT $3[0m  [["email", "joao_beltrami@hotmail.com"], ["id", 5], ["LIMIT", 1]]
[active_model_serializers] Rendered UserSerializer with ActiveModelSerializers::Adapter::Json (2.59ms)
Completed 201 Created in 176ms (Views: 23.2ms | ActiveRecord: 25.2ms)


Started POST "/sign-in" for 127.0.0.1 at 2017-05-04 18:32:11 -0400
Processing by UsersController#signin as */*
Completed 400 Bad Request in 1ms (ActiveRecord: 0.0ms)


  
ActionController::ParameterMissing (param is missing or the value is empty: credentials):
  
app/controllers/users_controller.rb:63:in `user_creds'
app/controllers/users_controller.rb:17:in `signin'
Started POST "/sign-in" for 127.0.0.1 at 2017-05-04 18:34:23 -0400
Processing by UsersController#signin as */*
Completed 400 Bad Request in 1ms (ActiveRecord: 0.0ms)


  
ActionController::ParameterMissing (param is missing or the value is empty: credentials):
  
app/controllers/users_controller.rb:63:in `user_creds'
app/controllers/users_controller.rb:17:in `signin'
Started POST "/sign-up" for 127.0.0.1 at 2017-05-04 18:34:53 -0400
Processing by UsersController#signup as */*
  Parameters: {"credentials"=>{"email"=>"joao_beltrami@hotmail.com", "password"=>"[FILTERED]", "password_confirmation"=>"[FILTERED]"}, "submit"=>"Sign up!"}
  [1m[35m (0.3ms)[0m  [1m[35mBEGIN[0m
  [1m[36mUser Exists (11.5ms)[0m  [1m[34mSELECT  1 AS one FROM "users" WHERE "users"."email" = $1 LIMIT $2[0m  [["email", "joao_beltrami@hotmail.com"], ["LIMIT", 1]]
  [1m[35m (6.6ms)[0m  [1m[31mROLLBACK[0m
  [1m[36mUser Exists (0.5ms)[0m  [1m[34mSELECT  1 AS one FROM "users" WHERE "users"."email" = $1 LIMIT $2[0m  [["email", "joao_beltrami@hotmail.com"], ["LIMIT", 1]]
[active_model_serializers] Rendered ActiveModel::Serializer::Null with ActiveModel::Errors (0.46ms)
Completed 400 Bad Request in 194ms (Views: 46.9ms | ActiveRecord: 19.0ms)


Started POST "/sign-in" for 127.0.0.1 at 2017-05-04 18:35:26 -0400
Processing by UsersController#signin as */*
Completed 400 Bad Request in 1ms (ActiveRecord: 0.0ms)


  
ActionController::ParameterMissing (param is missing or the value is empty: credentials):
  
app/controllers/users_controller.rb:63:in `user_creds'
app/controllers/users_controller.rb:17:in `signin'
Started POST "/sign-in" for 127.0.0.1 at 2017-05-04 18:36:20 -0400
Processing by UsersController#signin as */*
  Parameters: {"credentials"=>{"email"=>"joao_beltrami@hotmail.com", "password"=>"[FILTERED]"}, "submit"=>"Sign in!"}
  [1m[36mUser Load (0.7ms)[0m  [1m[34mSELECT  "users".* FROM "users" WHERE "users"."email" = $1 LIMIT $2[0m  [["email", "joao_beltrami@hotmail.com"], ["LIMIT", 1]]
  [1m[35mSQL (24.1ms)[0m  [1m[33mUPDATE "users" SET "token" = 'fdff340b6fada6e16cc0e14378ca64bb', "updated_at" = '2017-05-04 22:36:20.662701' WHERE "users"."id" = $1[0m  [["id", 5]]
[active_model_serializers] Rendered UserLoginSerializer with ActiveModelSerializers::Adapter::Json (8.32ms)
Completed 200 OK in 178ms (Views: 9.6ms | ActiveRecord: 25.2ms)


Started POST "/sign-in" for 127.0.0.1 at 2017-05-04 18:40:13 -0400
Processing by UsersController#signin as */*
Completed 400 Bad Request in 13ms (ActiveRecord: 0.0ms)


  
ActionController::ParameterMissing (param is missing or the value is empty: credentials):
  
app/controllers/users_controller.rb:63:in `user_creds'
app/controllers/users_controller.rb:17:in `signin'
Started POST "/sign-in" for 127.0.0.1 at 2017-05-04 18:43:53 -0400
Processing by UsersController#signin as */*
  Parameters: {"credentials"=>{"email"=>"test", "password"=>"[FILTERED]"}, "submit"=>"Sign in!"}
  [1m[36mUser Load (1.1ms)[0m  [1m[34mSELECT  "users".* FROM "users" WHERE "users"."email" = $1 LIMIT $2[0m  [["email", "test"], ["LIMIT", 1]]
  [1m[35mSQL (1.2ms)[0m  [1m[33mUPDATE "users" SET "token" = '7b3df32ca35043e67f2c36e5296413f4', "updated_at" = '2017-05-04 22:43:53.991059' WHERE "users"."id" = $1[0m  [["id", 1]]
[active_model_serializers] Rendered UserLoginSerializer with ActiveModelSerializers::Adapter::Json (2.24ms)
Completed 200 OK in 117ms (Views: 7.4ms | ActiveRecord: 2.3ms)


Started POST "/sign-in" for 127.0.0.1 at 2017-05-04 18:46:25 -0400
Processing by UsersController#signin as */*
  Parameters: {"credentials"=>{"email"=>"test", "password"=>"[FILTERED]"}, "submit"=>"Sign in!"}
  [1m[36mUser Load (1.2ms)[0m  [1m[34mSELECT  "users".* FROM "users" WHERE "users"."email" = $1 LIMIT $2[0m  [["email", "test"], ["LIMIT", 1]]
  [1m[35mSQL (2.8ms)[0m  [1m[33mUPDATE "users" SET "token" = 'ccdb42474eaf8a3dc22efa0f8ce2d3d9', "updated_at" = '2017-05-04 22:46:25.265407' WHERE "users"."id" = $1[0m  [["id", 1]]
[active_model_serializers] Rendered UserLoginSerializer with ActiveModelSerializers::Adapter::Json (2.81ms)
Completed 200 OK in 112ms (Views: 6.2ms | ActiveRecord: 4.0ms)


Started POST "/sign-in" for 127.0.0.1 at 2017-05-04 18:47:53 -0400
Processing by UsersController#signin as */*
  Parameters: {"credentials"=>{"email"=>"test", "password"=>"[FILTERED]"}, "submit"=>"Sign in!"}
  [1m[36mUser Load (1.0ms)[0m  [1m[34mSELECT  "users".* FROM "users" WHERE "users"."email" = $1 LIMIT $2[0m  [["email", "test"], ["LIMIT", 1]]
  [1m[35mSQL (6.8ms)[0m  [1m[33mUPDATE "users" SET "token" = '7918cd5440440a13f88ff9f6613bdf74', "updated_at" = '2017-05-04 22:47:53.811930' WHERE "users"."id" = $1[0m  [["id", 1]]
[active_model_serializers] Rendered UserLoginSerializer with ActiveModelSerializers::Adapter::Json (0.45ms)
Completed 200 OK in 107ms (Views: 2.5ms | ActiveRecord: 7.8ms)


Started POST "/sign-in" for 127.0.0.1 at 2017-05-05 08:59:50 -0400
  [1m[36mActiveRecord::SchemaMigration Load (18.0ms)[0m  [1m[34mSELECT "schema_migrations".* FROM "schema_migrations"[0m
Processing by UsersController#signin as */*
  Parameters: {"credentials"=>{"email"=>"test", "password"=>"[FILTERED]"}, "submit"=>"Sign in!"}
  [1m[36mUser Load (1.3ms)[0m  [1m[34mSELECT  "users".* FROM "users" WHERE "users"."email" = $1 LIMIT $2[0m  [["email", "test"], ["LIMIT", 1]]
  [1m[35mSQL (29.1ms)[0m  [1m[33mUPDATE "users" SET "token" = '38607a1d15fe805a2e2c8ad449cef540', "updated_at" = '2017-05-05 12:59:51.462421' WHERE "users"."id" = $1[0m  [["id", 1]]
[active_model_serializers] Rendered UserLoginSerializer with ActiveModelSerializers::Adapter::Json (8.43ms)
Completed 200 OK in 214ms (Views: 18.0ms | ActiveRecord: 48.1ms)


Started POST "/sign-in" for 127.0.0.1 at 2017-05-05 08:59:52 -0400
Processing by UsersController#signin as */*
  Parameters: {"credentials"=>{"email"=>"", "password"=>"[FILTERED]"}, "submit"=>"Sign in!"}
  [1m[36mUser Load (1.2ms)[0m  [1m[34mSELECT  "users".* FROM "users" WHERE "users"."email" = $1 LIMIT $2[0m  [["email", ""], ["LIMIT", 1]]
Completed 401 Unauthorized in 3ms (ActiveRecord: 1.2ms)


Started POST "/sign-in" for 127.0.0.1 at 2017-05-05 10:07:32 -0400
  [1m[36mActiveRecord::SchemaMigration Load (13.7ms)[0m  [1m[34mSELECT "schema_migrations".* FROM "schema_migrations"[0m
Processing by UsersController#signin as */*
  Parameters: {"credentials"=>{"email"=>"test", "password"=>"[FILTERED]"}, "submit"=>"Sign in!"}
  [1m[36mUser Load (0.7ms)[0m  [1m[34mSELECT  "users".* FROM "users" WHERE "users"."email" = $1 LIMIT $2[0m  [["email", "test"], ["LIMIT", 1]]
  [1m[35mSQL (25.7ms)[0m  [1m[33mUPDATE "users" SET "token" = 'af6cc9752839036d77b1a84fee587b48', "updated_at" = '2017-05-05 14:07:33.721604' WHERE "users"."id" = $1[0m  [["id", 1]]
[active_model_serializers] Rendered UserLoginSerializer with ActiveModelSerializers::Adapter::Json (10.58ms)
Completed 200 OK in 221ms (Views: 22.4ms | ActiveRecord: 43.6ms)


Started POST "/sign-in" for 127.0.0.1 at 2017-05-05 10:07:36 -0400
Processing by UsersController#signin as */*
  Parameters: {"credentials"=>{"email"=>"", "password"=>"[FILTERED]"}, "submit"=>"Sign in!"}
  [1m[36mUser Load (1.2ms)[0m  [1m[34mSELECT  "users".* FROM "users" WHERE "users"."email" = $1 LIMIT $2[0m  [["email", ""], ["LIMIT", 1]]
Completed 401 Unauthorized in 3ms (ActiveRecord: 1.2ms)


Started POST "/sign-in" for 127.0.0.1 at 2017-05-05 10:12:26 -0400
Processing by UsersController#signin as */*
  Parameters: {"credentials"=>{"email"=>"test", "password"=>"[FILTERED]"}, "submit"=>"Sign in!"}
  [1m[36mUser Load (1.4ms)[0m  [1m[34mSELECT  "users".* FROM "users" WHERE "users"."email" = $1 LIMIT $2[0m  [["email", "test"], ["LIMIT", 1]]
  [1m[35mSQL (5.5ms)[0m  [1m[33mUPDATE "users" SET "token" = 'd0098cca817963fbfc78cea9d6ce9452', "updated_at" = '2017-05-05 14:12:26.293740' WHERE "users"."id" = $1[0m  [["id", 1]]
[active_model_serializers] Rendered UserLoginSerializer with ActiveModelSerializers::Adapter::Json (4.51ms)
Completed 200 OK in 126ms (Views: 9.7ms | ActiveRecord: 6.9ms)


Started POST "/sign-in" for 127.0.0.1 at 2017-05-05 10:13:20 -0400
Processing by UsersController#signin as */*
  Parameters: {"credentials"=>{"email"=>"test", "password"=>"[FILTERED]"}, "submit"=>"Sign in!"}
  [1m[36mUser Load (1.2ms)[0m  [1m[34mSELECT  "users".* FROM "users" WHERE "users"."email" = $1 LIMIT $2[0m  [["email", "test"], ["LIMIT", 1]]
  [1m[35mSQL (6.9ms)[0m  [1m[33mUPDATE "users" SET "token" = 'eb049c1deb3bb45eb774785978c7e2ed', "updated_at" = '2017-05-05 14:13:20.296520' WHERE "users"."id" = $1[0m  [["id", 1]]
[active_model_serializers] Rendered UserLoginSerializer with ActiveModelSerializers::Adapter::Json (0.63ms)
Completed 200 OK in 98ms (Views: 1.3ms | ActiveRecord: 8.1ms)


Started POST "/sign-in" for 127.0.0.1 at 2017-05-05 10:13:38 -0400
Processing by UsersController#signin as */*
  Parameters: {"credentials"=>{"email"=>"test", "password"=>"[FILTERED]"}, "submit"=>"Sign in!"}
  [1m[36mUser Load (1.2ms)[0m  [1m[34mSELECT  "users".* FROM "users" WHERE "users"."email" = $1 LIMIT $2[0m  [["email", "test"], ["LIMIT", 1]]
  [1m[35mSQL (6.9ms)[0m  [1m[33mUPDATE "users" SET "token" = 'dd7041a5ce9776eeef77c7da76eb3cd8', "updated_at" = '2017-05-05 14:13:38.763714' WHERE "users"."id" = $1[0m  [["id", 1]]
[active_model_serializers] Rendered UserLoginSerializer with ActiveModelSerializers::Adapter::Json (0.6ms)
Completed 200 OK in 99ms (Views: 1.7ms | ActiveRecord: 8.1ms)


Started POST "/sign-in" for 127.0.0.1 at 2017-05-05 10:14:51 -0400
Processing by UsersController#signin as */*
  Parameters: {"credentials"=>{"email"=>"test", "password"=>"[FILTERED]"}, "submit"=>"Sign in!"}
  [1m[36mUser Load (1.8ms)[0m  [1m[34mSELECT  "users".* FROM "users" WHERE "users"."email" = $1 LIMIT $2[0m  [["email", "test"], ["LIMIT", 1]]
  [1m[35mSQL (1.2ms)[0m  [1m[33mUPDATE "users" SET "token" = '6fe9b47a4b13930cfe923cb88bfed52f', "updated_at" = '2017-05-05 14:14:51.291735' WHERE "users"."id" = $1[0m  [["id", 1]]
[active_model_serializers] Rendered UserLoginSerializer with ActiveModelSerializers::Adapter::Json (1.75ms)
Completed 200 OK in 114ms (Views: 4.5ms | ActiveRecord: 3.0ms)


Started POST "/sign-in" for 127.0.0.1 at 2017-05-05 10:22:06 -0400
Processing by UsersController#signin as */*
  Parameters: {"credentials"=>{"email"=>"test", "password"=>"[FILTERED]"}, "submit"=>"Sign in!"}
  [1m[36mUser Load (1.9ms)[0m  [1m[34mSELECT  "users".* FROM "users" WHERE "users"."email" = $1 LIMIT $2[0m  [["email", "test"], ["LIMIT", 1]]
  [1m[35mSQL (12.3ms)[0m  [1m[33mUPDATE "users" SET "token" = '6a4a600f8663932a93912c79781420de', "updated_at" = '2017-05-05 14:22:06.072468' WHERE "users"."id" = $1[0m  [["id", 1]]
[active_model_serializers] Rendered UserLoginSerializer with ActiveModelSerializers::Adapter::Json (2.69ms)
Completed 200 OK in 140ms (Views: 5.8ms | ActiveRecord: 14.2ms)


Started POST "/sign-in" for 127.0.0.1 at 2017-05-05 10:23:28 -0400
Processing by UsersController#signin as */*
  Parameters: {"credentials"=>{"email"=>"test", "password"=>"[FILTERED]"}, "submit"=>"Sign in!"}
  [1m[36mUser Load (1.4ms)[0m  [1m[34mSELECT  "users".* FROM "users" WHERE "users"."email" = $1 LIMIT $2[0m  [["email", "test"], ["LIMIT", 1]]
  [1m[35mSQL (2.5ms)[0m  [1m[33mUPDATE "users" SET "token" = '2c59ff46f14647940bf64a041c182a83', "updated_at" = '2017-05-05 14:23:28.631481' WHERE "users"."id" = $1[0m  [["id", 1]]
[active_model_serializers] Rendered UserLoginSerializer with ActiveModelSerializers::Adapter::Json (1.93ms)
Completed 200 OK in 118ms (Views: 5.3ms | ActiveRecord: 3.9ms)


Started POST "/sign-in" for 127.0.0.1 at 2017-05-05 10:24:22 -0400
Processing by UsersController#signin as */*
  Parameters: {"credentials"=>{"email"=>"test", "password"=>"[FILTERED]"}, "submit"=>"Sign in!"}
  [1m[36mUser Load (1.2ms)[0m  [1m[34mSELECT  "users".* FROM "users" WHERE "users"."email" = $1 LIMIT $2[0m  [["email", "test"], ["LIMIT", 1]]
  [1m[35mSQL (1.2ms)[0m  [1m[33mUPDATE "users" SET "token" = '4427d54911fa538bb9e5979741d75329', "updated_at" = '2017-05-05 14:24:22.168545' WHERE "users"."id" = $1[0m  [["id", 1]]
[active_model_serializers] Rendered UserLoginSerializer with ActiveModelSerializers::Adapter::Json (1.7ms)
Completed 200 OK in 112ms (Views: 4.6ms | ActiveRecord: 2.4ms)


Started POST "/sign-in" for 127.0.0.1 at 2017-05-05 10:36:05 -0400
Processing by UsersController#signin as */*
  Parameters: {"credentials"=>{"email"=>"test", "password"=>"[FILTERED]"}, "submit"=>"Sign in!"}
  [1m[36mUser Load (1.4ms)[0m  [1m[34mSELECT  "users".* FROM "users" WHERE "users"."email" = $1 LIMIT $2[0m  [["email", "test"], ["LIMIT", 1]]
  [1m[35mSQL (1.0ms)[0m  [1m[33mUPDATE "users" SET "token" = 'f5023ac1a1ba21509aef25aba0d56ff7', "updated_at" = '2017-05-05 14:36:05.832264' WHERE "users"."id" = $1[0m  [["id", 1]]
[active_model_serializers] Rendered UserLoginSerializer with ActiveModelSerializers::Adapter::Json (2.39ms)
Completed 200 OK in 124ms (Views: 5.6ms | ActiveRecord: 2.3ms)


Started POST "/sign-in" for 127.0.0.1 at 2017-05-05 10:36:16 -0400
Processing by UsersController#signin as */*
  Parameters: {"credentials"=>{"email"=>"test", "password"=>"[FILTERED]"}, "submit"=>"Sign in!"}
  [1m[36mUser Load (9.0ms)[0m  [1m[34mSELECT  "users".* FROM "users" WHERE "users"."email" = $1 LIMIT $2[0m  [["email", "test"], ["LIMIT", 1]]
  [1m[35mSQL (6.9ms)[0m  [1m[33mUPDATE "users" SET "token" = '9c29d5124a1076b87d77562ed9fe18b1', "updated_at" = '2017-05-05 14:36:16.804473' WHERE "users"."id" = $1[0m  [["id", 1]]
[active_model_serializers] Rendered UserLoginSerializer with ActiveModelSerializers::Adapter::Json (0.54ms)
Completed 200 OK in 119ms (Views: 1.6ms | ActiveRecord: 15.9ms)


Started POST "/sign-in" for 127.0.0.1 at 2017-05-05 10:37:02 -0400
Processing by UsersController#signin as */*
  Parameters: {"credentials"=>{"email"=>"test", "password"=>"[FILTERED]"}, "submit"=>"Sign in!"}
  [1m[36mUser Load (3.8ms)[0m  [1m[34mSELECT  "users".* FROM "users" WHERE "users"."email" = $1 LIMIT $2[0m  [["email", "test"], ["LIMIT", 1]]
  [1m[35mSQL (1.1ms)[0m  [1m[33mUPDATE "users" SET "token" = 'b8a612e57d44faa96dd6c3e1067aaddd', "updated_at" = '2017-05-05 14:37:02.906583' WHERE "users"."id" = $1[0m  [["id", 1]]
[active_model_serializers] Rendered UserLoginSerializer with ActiveModelSerializers::Adapter::Json (2.09ms)
Completed 200 OK in 117ms (Views: 6.3ms | ActiveRecord: 4.8ms)


Started POST "/sign-in" for 127.0.0.1 at 2017-05-05 10:38:08 -0400
Processing by UsersController#signin as */*
  Parameters: {"credentials"=>{"email"=>"test", "password"=>"[FILTERED]"}, "submit"=>"Sign in!"}
  [1m[36mUser Load (0.9ms)[0m  [1m[34mSELECT  "users".* FROM "users" WHERE "users"."email" = $1 LIMIT $2[0m  [["email", "test"], ["LIMIT", 1]]
  [1m[35mSQL (12.4ms)[0m  [1m[33mUPDATE "users" SET "token" = '429ee466d6025a0f4d6f59feff73b35e', "updated_at" = '2017-05-05 14:38:08.113759' WHERE "users"."id" = $1[0m  [["id", 1]]
[active_model_serializers] Rendered UserLoginSerializer with ActiveModelSerializers::Adapter::Json (0.76ms)
Completed 200 OK in 109ms (Views: 1.5ms | ActiveRecord: 13.3ms)


Started POST "/sign-in" for 127.0.0.1 at 2017-05-05 10:39:30 -0400
Processing by UsersController#signin as */*
  Parameters: {"credentials"=>{"email"=>"test", "password"=>"[FILTERED]"}, "submit"=>"Sign in!"}
  [1m[36mUser Load (1.5ms)[0m  [1m[34mSELECT  "users".* FROM "users" WHERE "users"."email" = $1 LIMIT $2[0m  [["email", "test"], ["LIMIT", 1]]
  [1m[35mSQL (1.1ms)[0m  [1m[33mUPDATE "users" SET "token" = '63ca463cdfc7a97298eb8bf455585b38', "updated_at" = '2017-05-05 14:39:30.186003' WHERE "users"."id" = $1[0m  [["id", 1]]
[active_model_serializers] Rendered UserLoginSerializer with ActiveModelSerializers::Adapter::Json (2.22ms)
Completed 200 OK in 130ms (Views: 5.0ms | ActiveRecord: 2.6ms)


Started POST "/sign-in" for 127.0.0.1 at 2017-05-05 10:42:36 -0400
Processing by UsersController#signin as */*
  Parameters: {"credentials"=>{"email"=>"test", "password"=>"[FILTERED]"}, "submit"=>"Sign in!"}
  [1m[36mUser Load (1.1ms)[0m  [1m[34mSELECT  "users".* FROM "users" WHERE "users"."email" = $1 LIMIT $2[0m  [["email", "test"], ["LIMIT", 1]]
  [1m[35mSQL (2.6ms)[0m  [1m[33mUPDATE "users" SET "token" = '44a50493646ae0be93668756a4749a7e', "updated_at" = '2017-05-05 14:42:36.077987' WHERE "users"."id" = $1[0m  [["id", 1]]
[active_model_serializers] Rendered UserLoginSerializer with ActiveModelSerializers::Adapter::Json (2.66ms)
Completed 200 OK in 121ms (Views: 6.0ms | ActiveRecord: 3.7ms)


Started POST "/sign-in" for 127.0.0.1 at 2017-05-05 10:42:58 -0400
Processing by UsersController#signin as */*
  Parameters: {"credentials"=>{"email"=>"test", "password"=>"[FILTERED]"}, "submit"=>"Sign in!"}
  [1m[36mUser Load (1.2ms)[0m  [1m[34mSELECT  "users".* FROM "users" WHERE "users"."email" = $1 LIMIT $2[0m  [["email", "test"], ["LIMIT", 1]]
  [1m[35mSQL (12.4ms)[0m  [1m[33mUPDATE "users" SET "token" = '2add566e289c030c3eb46e7261103333', "updated_at" = '2017-05-05 14:42:58.506032' WHERE "users"."id" = $1[0m  [["id", 1]]
[active_model_serializers] Rendered UserLoginSerializer with ActiveModelSerializers::Adapter::Json (0.38ms)
Completed 200 OK in 109ms (Views: 1.0ms | ActiveRecord: 13.6ms)


Started POST "/sign-in" for 127.0.0.1 at 2017-05-05 10:43:26 -0400
Processing by UsersController#signin as */*
  Parameters: {"credentials"=>{"email"=>"test", "password"=>"[FILTERED]"}, "submit"=>"Sign in!"}
  [1m[36mUser Load (1.1ms)[0m  [1m[34mSELECT  "users".* FROM "users" WHERE "users"."email" = $1 LIMIT $2[0m  [["email", "test"], ["LIMIT", 1]]
  [1m[35mSQL (1.0ms)[0m  [1m[33mUPDATE "users" SET "token" = '6ad6233e4fc4148dfd55c657ebafffa8', "updated_at" = '2017-05-05 14:43:26.415283' WHERE "users"."id" = $1[0m  [["id", 1]]
[active_model_serializers] Rendered UserLoginSerializer with ActiveModelSerializers::Adapter::Json (0.38ms)
Completed 200 OK in 109ms (Views: 1.1ms | ActiveRecord: 2.1ms)


Started POST "/sign-in" for 127.0.0.1 at 2017-05-05 10:45:38 -0400
Processing by UsersController#signin as */*
  Parameters: {"credentials"=>{"email"=>"test", "password"=>"[FILTERED]"}, "submit"=>"Sign in!"}
  [1m[36mUser Load (1.0ms)[0m  [1m[34mSELECT  "users".* FROM "users" WHERE "users"."email" = $1 LIMIT $2[0m  [["email", "test"], ["LIMIT", 1]]
  [1m[35mSQL (1.0ms)[0m  [1m[33mUPDATE "users" SET "token" = '9d1a7a525ec40e54d729979cd5363af0', "updated_at" = '2017-05-05 14:45:38.252062' WHERE "users"."id" = $1[0m  [["id", 1]]
[active_model_serializers] Rendered UserLoginSerializer with ActiveModelSerializers::Adapter::Json (0.36ms)
Completed 200 OK in 98ms (Views: 1.1ms | ActiveRecord: 2.0ms)


Started POST "/sign-in" for 127.0.0.1 at 2017-05-05 10:46:02 -0400
Processing by UsersController#signin as */*
  Parameters: {"credentials"=>{"email"=>"test", "password"=>"[FILTERED]"}, "submit"=>"Sign in!"}
  [1m[36mUser Load (1.0ms)[0m  [1m[34mSELECT  "users".* FROM "users" WHERE "users"."email" = $1 LIMIT $2[0m  [["email", "test"], ["LIMIT", 1]]
  [1m[35mSQL (13.0ms)[0m  [1m[33mUPDATE "users" SET "token" = '28add2866bacdae862dfc15a5b51c08d', "updated_at" = '2017-05-05 14:46:02.181232' WHERE "users"."id" = $1[0m  [["id", 1]]
[active_model_serializers] Rendered UserLoginSerializer with ActiveModelSerializers::Adapter::Json (0.36ms)
Completed 200 OK in 102ms (Views: 0.9ms | ActiveRecord: 14.0ms)


Started POST "/sign-in" for 127.0.0.1 at 2017-05-05 10:46:46 -0400
Processing by UsersController#signin as */*
  Parameters: {"credentials"=>{"email"=>"test", "password"=>"[FILTERED]"}, "submit"=>"Sign in!"}
  [1m[36mUser Load (0.6ms)[0m  [1m[34mSELECT  "users".* FROM "users" WHERE "users"."email" = $1 LIMIT $2[0m  [["email", "test"], ["LIMIT", 1]]
  [1m[35mSQL (6.2ms)[0m  [1m[33mUPDATE "users" SET "token" = '9e46d4a18a744a90192fa21d150e336c', "updated_at" = '2017-05-05 14:46:46.301066' WHERE "users"."id" = $1[0m  [["id", 1]]
[active_model_serializers] Rendered UserLoginSerializer with ActiveModelSerializers::Adapter::Json (0.3ms)
Completed 200 OK in 98ms (Views: 1.0ms | ActiveRecord: 6.8ms)


Started POST "/sign-in" for 127.0.0.1 at 2017-05-05 10:47:19 -0400
Processing by UsersController#signin as */*
  Parameters: {"credentials"=>{"email"=>"test", "password"=>"[FILTERED]"}, "submit"=>"Sign in!"}
  [1m[36mUser Load (0.6ms)[0m  [1m[34mSELECT  "users".* FROM "users" WHERE "users"."email" = $1 LIMIT $2[0m  [["email", "test"], ["LIMIT", 1]]
  [1m[35mSQL (2.3ms)[0m  [1m[33mUPDATE "users" SET "token" = '5e59a8a9c75bf07a7256b84106cce788', "updated_at" = '2017-05-05 14:47:19.404003' WHERE "users"."id" = $1[0m  [["id", 1]]
[active_model_serializers] Rendered UserLoginSerializer with ActiveModelSerializers::Adapter::Json (5.9ms)
Completed 200 OK in 118ms (Views: 10.3ms | ActiveRecord: 2.9ms)


Started POST "/sign-in" for 127.0.0.1 at 2017-05-05 10:47:44 -0400
Processing by UsersController#signin as */*
  Parameters: {"credentials"=>{"email"=>"test", "password"=>"[FILTERED]"}, "submit"=>"Sign in!"}
  [1m[36mUser Load (0.9ms)[0m  [1m[34mSELECT  "users".* FROM "users" WHERE "users"."email" = $1 LIMIT $2[0m  [["email", "test"], ["LIMIT", 1]]
  [1m[35mSQL (12.0ms)[0m  [1m[33mUPDATE "users" SET "token" = 'eebaf6cdca50eae1e1d8403ac2041815', "updated_at" = '2017-05-05 14:47:44.949038' WHERE "users"."id" = $1[0m  [["id", 1]]
[active_model_serializers] Rendered UserLoginSerializer with ActiveModelSerializers::Adapter::Json (0.25ms)
Completed 200 OK in 104ms (Views: 0.9ms | ActiveRecord: 12.9ms)


Started POST "/sign-in" for 127.0.0.1 at 2017-05-05 10:48:34 -0400
Processing by UsersController#signin as */*
  Parameters: {"credentials"=>{"email"=>"test", "password"=>"[FILTERED]"}, "submit"=>"Sign in!"}
  [1m[36mUser Load (1.1ms)[0m  [1m[34mSELECT  "users".* FROM "users" WHERE "users"."email" = $1 LIMIT $2[0m  [["email", "test"], ["LIMIT", 1]]
  [1m[35mSQL (6.4ms)[0m  [1m[33mUPDATE "users" SET "token" = 'd52c6d9a7eb3979104f2be5fb6153eee', "updated_at" = '2017-05-05 14:48:34.117698' WHERE "users"."id" = $1[0m  [["id", 1]]
[active_model_serializers] Rendered UserLoginSerializer with ActiveModelSerializers::Adapter::Json (0.36ms)
Completed 200 OK in 104ms (Views: 1.1ms | ActiveRecord: 7.5ms)


Started POST "/sign-in" for 127.0.0.1 at 2017-05-05 10:49:01 -0400
Processing by UsersController#signin as */*
  Parameters: {"credentials"=>{"email"=>"test", "password"=>"[FILTERED]"}, "submit"=>"Sign in!"}
  [1m[36mUser Load (7.5ms)[0m  [1m[34mSELECT  "users".* FROM "users" WHERE "users"."email" = $1 LIMIT $2[0m  [["email", "test"], ["LIMIT", 1]]
  [1m[35mSQL (12.9ms)[0m  [1m[33mUPDATE "users" SET "token" = 'f8459fc49803bdb391c9b95b595c0854', "updated_at" = '2017-05-05 14:49:01.317677' WHERE "users"."id" = $1[0m  [["id", 1]]
[active_model_serializers] Rendered UserLoginSerializer with ActiveModelSerializers::Adapter::Json (10.33ms)
Completed 200 OK in 151ms (Views: 13.4ms | ActiveRecord: 20.4ms)


Started POST "/sign-in" for 127.0.0.1 at 2017-05-05 10:49:38 -0400
Processing by UsersController#signin as */*
  Parameters: {"credentials"=>{"email"=>"test", "password"=>"[FILTERED]"}, "submit"=>"Sign in!"}
  [1m[36mUser Load (2.5ms)[0m  [1m[34mSELECT  "users".* FROM "users" WHERE "users"."email" = $1 LIMIT $2[0m  [["email", "test"], ["LIMIT", 1]]
  [1m[35mSQL (6.9ms)[0m  [1m[33mUPDATE "users" SET "token" = '424b7e763bc1830938f366d2d4ed821d', "updated_at" = '2017-05-05 14:49:38.256790' WHERE "users"."id" = $1[0m  [["id", 1]]
[active_model_serializers] Rendered UserLoginSerializer with ActiveModelSerializers::Adapter::Json (2.86ms)
Completed 200 OK in 105ms (Views: 4.7ms | ActiveRecord: 9.3ms)


Started POST "/sign-in" for 127.0.0.1 at 2017-05-05 10:53:09 -0400
Processing by UsersController#signin as */*
  Parameters: {"credentials"=>{"email"=>"test", "password"=>"[FILTERED]"}, "submit"=>"Sign in!"}
  [1m[36mUser Load (1.4ms)[0m  [1m[34mSELECT  "users".* FROM "users" WHERE "users"."email" = $1 LIMIT $2[0m  [["email", "test"], ["LIMIT", 1]]
  [1m[35mSQL (12.1ms)[0m  [1m[33mUPDATE "users" SET "token" = 'a5f40193add010fe4d0ab2ff0fff4296', "updated_at" = '2017-05-05 14:53:10.025681' WHERE "users"."id" = $1[0m  [["id", 1]]
[active_model_serializers] Rendered UserLoginSerializer with ActiveModelSerializers::Adapter::Json (4.42ms)
Completed 200 OK in 152ms (Views: 7.5ms | ActiveRecord: 13.5ms)


Started POST "/sign-in" for 127.0.0.1 at 2017-05-05 10:54:47 -0400
Processing by UsersController#signin as */*
  Parameters: {"credentials"=>{"email"=>"test", "password"=>"[FILTERED]"}, "submit"=>"Sign in!"}
  [1m[36mUser Load (23.7ms)[0m  [1m[34mSELECT  "users".* FROM "users" WHERE "users"."email" = $1 LIMIT $2[0m  [["email", "test"], ["LIMIT", 1]]
  [1m[35mSQL (23.7ms)[0m  [1m[33mUPDATE "users" SET "token" = '090bfc8cf4c8560cc480b2115e6a3efe', "updated_at" = '2017-05-05 14:54:47.723846' WHERE "users"."id" = $1[0m  [["id", 1]]
[active_model_serializers] Rendered UserLoginSerializer with ActiveModelSerializers::Adapter::Json (1.47ms)
Completed 200 OK in 146ms (Views: 2.3ms | ActiveRecord: 47.3ms)


Started POST "/sign-in" for 127.0.0.1 at 2017-05-05 10:55:29 -0400
Processing by UsersController#signin as */*
  Parameters: {"credentials"=>{"email"=>"test", "password"=>"[FILTERED]"}, "submit"=>"Sign in!"}
  [1m[36mUser Load (24.3ms)[0m  [1m[34mSELECT  "users".* FROM "users" WHERE "users"."email" = $1 LIMIT $2[0m  [["email", "test"], ["LIMIT", 1]]
  [1m[35mSQL (7.0ms)[0m  [1m[33mUPDATE "users" SET "token" = 'f576da0f8830510628112f4d58d7f094', "updated_at" = '2017-05-05 14:55:29.978331' WHERE "users"."id" = $1[0m  [["id", 1]]
[active_model_serializers] Rendered UserLoginSerializer with ActiveModelSerializers::Adapter::Json (0.37ms)
Completed 200 OK in 130ms (Views: 0.9ms | ActiveRecord: 31.3ms)


Started POST "/sign-in" for 127.0.0.1 at 2017-05-05 11:08:51 -0400
Processing by UsersController#signin as */*
  Parameters: {"credentials"=>{"email"=>"text", "password"=>"[FILTERED]"}, "submit"=>"Sign in!"}
  [1m[36mUser Load (1.1ms)[0m  [1m[34mSELECT  "users".* FROM "users" WHERE "users"."email" = $1 LIMIT $2[0m  [["email", "text"], ["LIMIT", 1]]
Completed 401 Unauthorized in 35ms (ActiveRecord: 1.1ms)


Started POST "/sign-up" for 127.0.0.1 at 2017-05-05 11:09:13 -0400
Processing by UsersController#signup as */*
  Parameters: {"credentials"=>{"email"=>"a", "password"=>"[FILTERED]"}, "submit"=>"Sign up!"}
  [1m[35m (27.1ms)[0m  [1m[35mBEGIN[0m
  [1m[36mUser Exists (18.1ms)[0m  [1m[34mSELECT  1 AS one FROM "users" WHERE "users"."email" = $1 LIMIT $2[0m  [["email", "a"], ["LIMIT", 1]]
  [1m[35mSQL (40.1ms)[0m  [1m[32mINSERT INTO "users" ("email", "token", "password_digest", "created_at", "updated_at") VALUES ($1, $2, $3, $4, $5) RETURNING "id"[0m  [["email", "a"], ["token", "3b161940dca2c748b032ce02058236bd"], ["password_digest", "$2a$10$wr15llitj92vac57qvCI1.Sr06mLbumnUxjJVLs0WWouRdJyMTI42"], ["created_at", 2017-05-05 15:09:13 UTC], ["updated_at", 2017-05-05 15:09:13 UTC]]
  [1m[35m (1.1ms)[0m  [1m[35mCOMMIT[0m
  [1m[36mUser Exists (6.2ms)[0m  [1m[34mSELECT  1 AS one FROM "users" WHERE "users"."email" = $1 AND ("users"."id" != $2) LIMIT $3[0m  [["email", "a"], ["id", 6], ["LIMIT", 1]]
[active_model_serializers] Rendered UserSerializer with ActiveModelSerializers::Adapter::Json (1.93ms)
Completed 201 Created in 558ms (Views: 16.8ms | ActiveRecord: 92.6ms)


Started POST "/sign-in" for 127.0.0.1 at 2017-05-05 11:09:25 -0400
Processing by UsersController#signin as */*
  Parameters: {"credentials"=>{"email"=>"a", "password"=>"[FILTERED]"}, "submit"=>"Sign in!"}
  [1m[36mUser Load (0.5ms)[0m  [1m[34mSELECT  "users".* FROM "users" WHERE "users"."email" = $1 LIMIT $2[0m  [["email", "a"], ["LIMIT", 1]]
  [1m[35mSQL (6.9ms)[0m  [1m[33mUPDATE "users" SET "token" = '6fb7ba9ba6b4c6b6ba411fa3b7743020', "updated_at" = '2017-05-05 15:09:25.474737' WHERE "users"."id" = $1[0m  [["id", 6]]
[active_model_serializers] Rendered UserLoginSerializer with ActiveModelSerializers::Adapter::Json (0.36ms)
Completed 200 OK in 106ms (Views: 1.1ms | ActiveRecord: 7.4ms)


Started POST "/sign-in" for 127.0.0.1 at 2017-05-05 11:10:52 -0400
Processing by UsersController#signin as */*
  Parameters: {"credentials"=>{"email"=>"a", "password"=>"[FILTERED]"}, "submit"=>"Sign in!"}
  [1m[36mUser Load (0.3ms)[0m  [1m[34mSELECT  "users".* FROM "users" WHERE "users"."email" = $1 LIMIT $2[0m  [["email", "a"], ["LIMIT", 1]]
  [1m[35mSQL (6.9ms)[0m  [1m[33mUPDATE "users" SET "token" = '253b9eacd036fb961c1a73112d1e7491', "updated_at" = '2017-05-05 15:10:52.907608' WHERE "users"."id" = $1[0m  [["id", 6]]
[active_model_serializers] Rendered UserLoginSerializer with ActiveModelSerializers::Adapter::Json (0.27ms)
Completed 200 OK in 102ms (Views: 1.2ms | ActiveRecord: 7.3ms)


Started POST "/sign-in" for 127.0.0.1 at 2017-05-05 11:11:36 -0400
Processing by UsersController#signin as */*
  Parameters: {"credentials"=>{"email"=>"a", "password"=>"[FILTERED]"}, "submit"=>"Sign in!"}
  [1m[36mUser Load (1.4ms)[0m  [1m[34mSELECT  "users".* FROM "users" WHERE "users"."email" = $1 LIMIT $2[0m  [["email", "a"], ["LIMIT", 1]]
  [1m[35mSQL (7.0ms)[0m  [1m[33mUPDATE "users" SET "token" = '65d1e9e4594f62ee3d3908c335342a5e', "updated_at" = '2017-05-05 15:11:36.124919' WHERE "users"."id" = $1[0m  [["id", 6]]
[active_model_serializers] Rendered UserLoginSerializer with ActiveModelSerializers::Adapter::Json (0.34ms)
Completed 200 OK in 109ms (Views: 1.3ms | ActiveRecord: 8.4ms)


Started POST "/sign-in" for 127.0.0.1 at 2017-05-05 11:12:31 -0400
Processing by UsersController#signin as */*
  Parameters: {"credentials"=>{"email"=>"a", "password"=>"[FILTERED]"}, "submit"=>"Sign in!"}
  [1m[36mUser Load (0.8ms)[0m  [1m[34mSELECT  "users".* FROM "users" WHERE "users"."email" = $1 LIMIT $2[0m  [["email", "a"], ["LIMIT", 1]]
  [1m[35mSQL (25.4ms)[0m  [1m[33mUPDATE "users" SET "token" = '05e3dc7ebd7df6a2b5833f51ab510298', "updated_at" = '2017-05-05 15:12:31.800818' WHERE "users"."id" = $1[0m  [["id", 6]]
[active_model_serializers] Rendered UserLoginSerializer with ActiveModelSerializers::Adapter::Json (0.99ms)
Completed 200 OK in 141ms (Views: 7.2ms | ActiveRecord: 26.2ms)


Started DELETE "/sign-out/6" for 127.0.0.1 at 2017-05-05 11:12:33 -0400
Processing by UsersController#signout as */*
  Parameters: {"id"=>"6"}
  [1m[36mUser Load (0.5ms)[0m  [1m[34mSELECT  "users".* FROM "users" WHERE "users"."token" = $1 LIMIT $2[0m  [["token", "05e3dc7ebd7df6a2b5833f51ab510298"], ["LIMIT", 1]]
  [1m[36mUser Load (0.3ms)[0m  [1m[34mSELECT  "users".* FROM "users" WHERE "users"."id" = $1 LIMIT $2[0m  [["id", 6], ["LIMIT", 1]]
  [1m[35mSQL (8.0ms)[0m  [1m[33mUPDATE "users" SET "token" = 'e9f052c7cfae21d2f5528b3872f4b8b0', "updated_at" = '2017-05-05 15:12:33.819288' WHERE "users"."id" = $1[0m  [["id", 6]]
Completed 204 No Content in 52ms (ActiveRecord: 15.6ms)


Started POST "/sign-in" for 127.0.0.1 at 2017-05-05 11:18:02 -0400
Processing by UsersController#signin as */*
  Parameters: {"credentials"=>{"email"=>"a", "password"=>"[FILTERED]"}, "submit"=>"Sign in!"}
  [1m[36mUser Load (2.3ms)[0m  [1m[34mSELECT  "users".* FROM "users" WHERE "users"."email" = $1 LIMIT $2[0m  [["email", "a"], ["LIMIT", 1]]
  [1m[35mSQL (7.1ms)[0m  [1m[33mUPDATE "users" SET "token" = 'd6413b9a0ee751134b0f99c1e453f0c2', "updated_at" = '2017-05-05 15:18:02.717477' WHERE "users"."id" = $1[0m  [["id", 6]]
[active_model_serializers] Rendered UserLoginSerializer with ActiveModelSerializers::Adapter::Json (2.38ms)
Completed 200 OK in 143ms (Views: 5.1ms | ActiveRecord: 9.4ms)


Started DELETE "/sign-out/6" for 127.0.0.1 at 2017-05-05 11:18:18 -0400
Processing by UsersController#signout as */*
  Parameters: {"id"=>"6"}
  [1m[36mUser Load (1.0ms)[0m  [1m[34mSELECT  "users".* FROM "users" WHERE "users"."token" = $1 LIMIT $2[0m  [["token", "d6413b9a0ee751134b0f99c1e453f0c2"], ["LIMIT", 1]]
  [1m[36mUser Load (1.5ms)[0m  [1m[34mSELECT  "users".* FROM "users" WHERE "users"."id" = $1 LIMIT $2[0m  [["id", 6], ["LIMIT", 1]]
  [1m[35mSQL (6.3ms)[0m  [1m[33mUPDATE "users" SET "token" = 'e25148381570f926ee38b57052bf8a7f', "updated_at" = '2017-05-05 15:18:18.777952' WHERE "users"."id" = $1[0m  [["id", 6]]
Completed 204 No Content in 20ms (ActiveRecord: 8.8ms)


Started POST "/sign-in" for 127.0.0.1 at 2017-05-05 11:20:00 -0400
Processing by UsersController#signin as */*
  Parameters: {"credentials"=>{"email"=>"a", "password"=>"[FILTERED]"}, "submit"=>"Sign in!"}
  [1m[36mUser Load (6.8ms)[0m  [1m[34mSELECT  "users".* FROM "users" WHERE "users"."email" = $1 LIMIT $2[0m  [["email", "a"], ["LIMIT", 1]]
  [1m[35mSQL (1.1ms)[0m  [1m[33mUPDATE "users" SET "token" = 'd4dc82849382ed4e6c5a0e53b951664a', "updated_at" = '2017-05-05 15:20:00.118618' WHERE "users"."id" = $1[0m  [["id", 6]]
[active_model_serializers] Rendered UserLoginSerializer with ActiveModelSerializers::Adapter::Json (2.0ms)
Completed 200 OK in 131ms (Views: 5.9ms | ActiveRecord: 7.8ms)


Started PATCH "/change-password/6" for 127.0.0.1 at 2017-05-05 11:20:07 -0400
Processing by UsersController#changepw as */*
  Parameters: {"passwords"=>"[FILTERED]", "submit"=>"Change password!", "id"=>"6"}
  [1m[36mUser Load (1.9ms)[0m  [1m[34mSELECT  "users".* FROM "users" WHERE "users"."token" = $1 LIMIT $2[0m  [["token", "d4dc82849382ed4e6c5a0e53b951664a"], ["LIMIT", 1]]
  [1m[35m (9.6ms)[0m  [1m[35mBEGIN[0m
  [1m[36mUser Exists (5.4ms)[0m  [1m[34mSELECT  1 AS one FROM "users" WHERE "users"."email" = $1 AND ("users"."id" != $2) LIMIT $3[0m  [["email", "a"], ["id", 6], ["LIMIT", 1]]
  [1m[35mSQL (0.7ms)[0m  [1m[33mUPDATE "users" SET "updated_at" = $1, "password_digest" = $2 WHERE "users"."id" = $3[0m  [["updated_at", 2017-05-05 15:20:07 UTC], ["password_digest", "$2a$10$UoictbKCDayG2YHsw4oXMuRrBG1q9E4QAPGtWkltK7abSjeGjVxUG"], ["id", 6]]
  [1m[35m (0.9ms)[0m  [1m[35mCOMMIT[0m
Completed 204 No Content in 240ms (ActiveRecord: 18.6ms)


Started DELETE "/sign-out/6" for 127.0.0.1 at 2017-05-05 11:20:12 -0400
Processing by UsersController#signout as */*
  Parameters: {"id"=>"6"}
  [1m[36mUser Load (0.9ms)[0m  [1m[34mSELECT  "users".* FROM "users" WHERE "users"."token" = $1 LIMIT $2[0m  [["token", "d4dc82849382ed4e6c5a0e53b951664a"], ["LIMIT", 1]]
  [1m[36mUser Load (1.0ms)[0m  [1m[34mSELECT  "users".* FROM "users" WHERE "users"."id" = $1 LIMIT $2[0m  [["id", 6], ["LIMIT", 1]]
  [1m[35mSQL (6.8ms)[0m  [1m[33mUPDATE "users" SET "token" = '78ec3cdca8c63b29a35993b79d10ea17', "updated_at" = '2017-05-05 15:20:12.194252' WHERE "users"."id" = $1[0m  [["id", 6]]
Completed 204 No Content in 16ms (ActiveRecord: 8.7ms)


Started POST "/sign-in" for 127.0.0.1 at 2017-05-05 11:20:19 -0400
Processing by UsersController#signin as */*
  Parameters: {"credentials"=>{"email"=>"a", "password"=>"[FILTERED]"}, "submit"=>"Sign in!"}
  [1m[36mUser Load (11.6ms)[0m  [1m[34mSELECT  "users".* FROM "users" WHERE "users"."email" = $1 LIMIT $2[0m  [["email", "a"], ["LIMIT", 1]]
  [1m[35mSQL (10.9ms)[0m  [1m[33mUPDATE "users" SET "token" = 'f3ac17337d8d32003caa7b6be299a54f', "updated_at" = '2017-05-05 15:20:19.676136' WHERE "users"."id" = $1[0m  [["id", 6]]
Completed 401 Unauthorized in 142ms (ActiveRecord: 22.5ms)


Started POST "/sign-in" for 127.0.0.1 at 2017-05-05 11:20:23 -0400
Processing by UsersController#signin as */*
  Parameters: {"credentials"=>{"email"=>"a", "password"=>"[FILTERED]"}, "submit"=>"Sign in!"}
  [1m[36mUser Load (0.4ms)[0m  [1m[34mSELECT  "users".* FROM "users" WHERE "users"."email" = $1 LIMIT $2[0m  [["email", "a"], ["LIMIT", 1]]
  [1m[35mSQL (12.0ms)[0m  [1m[33mUPDATE "users" SET "token" = '330bb713fa7eef0bb5531a732192f4f8', "updated_at" = '2017-05-05 15:20:23.785899' WHERE "users"."id" = $1[0m  [["id", 6]]
[active_model_serializers] Rendered UserLoginSerializer with ActiveModelSerializers::Adapter::Json (0.67ms)
Completed 200 OK in 102ms (Views: 1.7ms | ActiveRecord: 12.4ms)


Started PATCH "/change-password/6" for 127.0.0.1 at 2017-05-05 11:20:31 -0400
Processing by UsersController#changepw as */*
  Parameters: {"passwords"=>"[FILTERED]", "submit"=>"Change password!", "id"=>"6"}
  [1m[36mUser Load (0.4ms)[0m  [1m[34mSELECT  "users".* FROM "users" WHERE "users"."token" = $1 LIMIT $2[0m  [["token", "330bb713fa7eef0bb5531a732192f4f8"], ["LIMIT", 1]]
  [1m[35m (0.2ms)[0m  [1m[35mBEGIN[0m
  [1m[36mUser Exists (0.4ms)[0m  [1m[34mSELECT  1 AS one FROM "users" WHERE "users"."email" = $1 AND ("users"."id" != $2) LIMIT $3[0m  [["email", "a"], ["id", 6], ["LIMIT", 1]]
  [1m[35mSQL (0.4ms)[0m  [1m[33mUPDATE "users" SET "updated_at" = $1, "password_digest" = $2 WHERE "users"."id" = $3[0m  [["updated_at", 2017-05-05 15:20:31 UTC], ["password_digest", "$2a$10$I3JEW6qR8Qe/ghBmtl7Kce.1/kIlgjlj40yyP1XM5XaIS.50nkocy"], ["id", 6]]
  [1m[35m (8.6ms)[0m  [1m[35mCOMMIT[0m
Completed 204 No Content in 188ms (ActiveRecord: 10.0ms)


Started POST "/sign-in" for 127.0.0.1 at 2017-05-05 11:25:36 -0400
Processing by UsersController#signin as */*
  Parameters: {"credentials"=>{"email"=>"a", "password"=>"[FILTERED]"}, "submit"=>"Sign in!"}
  [1m[36mUser Load (6.1ms)[0m  [1m[34mSELECT  "users".* FROM "users" WHERE "users"."email" = $1 LIMIT $2[0m  [["email", "a"], ["LIMIT", 1]]
  [1m[35mSQL (13.1ms)[0m  [1m[33mUPDATE "users" SET "token" = 'd8bbd519427bf16396b2b74092fddc88', "updated_at" = '2017-05-05 15:25:36.333868' WHERE "users"."id" = $1[0m  [["id", 6]]
[active_model_serializers] Rendered UserLoginSerializer with ActiveModelSerializers::Adapter::Json (2.85ms)
Completed 200 OK in 191ms (Views: 11.9ms | ActiveRecord: 19.2ms)


Started DELETE "/sign-out/6" for 127.0.0.1 at 2017-05-05 11:25:40 -0400
Processing by UsersController#signout as */*
  Parameters: {"id"=>"6"}
  [1m[36mUser Load (20.1ms)[0m  [1m[34mSELECT  "users".* FROM "users" WHERE "users"."token" = $1 LIMIT $2[0m  [["token", "d8bbd519427bf16396b2b74092fddc88"], ["LIMIT", 1]]
  [1m[36mUser Load (0.7ms)[0m  [1m[34mSELECT  "users".* FROM "users" WHERE "users"."id" = $1 LIMIT $2[0m  [["id", 6], ["LIMIT", 1]]
  [1m[35mSQL (1.2ms)[0m  [1m[33mUPDATE "users" SET "token" = '15b2e39f2cbfc600f8ca77243bd9ee1f', "updated_at" = '2017-05-05 15:25:41.033745' WHERE "users"."id" = $1[0m  [["id", 6]]
Completed 204 No Content in 31ms (ActiveRecord: 22.1ms)


Started DELETE "/sign-out/6" for 127.0.0.1 at 2017-05-05 11:27:18 -0400
Processing by UsersController#signout as */*
  Parameters: {"id"=>"6"}
  [1m[36mUser Load (0.5ms)[0m  [1m[34mSELECT  "users".* FROM "users" WHERE "users"."token" = $1 LIMIT $2[0m  [["token", "d8bbd519427bf16396b2b74092fddc88"], ["LIMIT", 1]]
Filter chain halted as :authenticate rendered or redirected
Completed 401 Unauthorized in 5ms (Views: 0.3ms | ActiveRecord: 0.5ms)


Started DELETE "/sign-out/6" for 127.0.0.1 at 2017-05-05 11:27:22 -0400
Processing by UsersController#signout as */*
  Parameters: {"id"=>"6"}
  [1m[36mUser Load (0.6ms)[0m  [1m[34mSELECT  "users".* FROM "users" WHERE "users"."token" = $1 LIMIT $2[0m  [["token", "d8bbd519427bf16396b2b74092fddc88"], ["LIMIT", 1]]
Filter chain halted as :authenticate rendered or redirected
Completed 401 Unauthorized in 4ms (Views: 0.2ms | ActiveRecord: 0.6ms)


Started DELETE "/sign-out/6" for 127.0.0.1 at 2017-05-05 11:27:22 -0400
Processing by UsersController#signout as */*
  Parameters: {"id"=>"6"}
  [1m[36mUser Load (9.1ms)[0m  [1m[34mSELECT  "users".* FROM "users" WHERE "users"."token" = $1 LIMIT $2[0m  [["token", "d8bbd519427bf16396b2b74092fddc88"], ["LIMIT", 1]]
Filter chain halted as :authenticate rendered or redirected
Completed 401 Unauthorized in 12ms (Views: 0.2ms | ActiveRecord: 9.1ms)


Started POST "/sign-in" for 127.0.0.1 at 2017-05-05 11:28:17 -0400
Processing by UsersController#signin as */*
  Parameters: {"credentials"=>{"email"=>"a", "password"=>"[FILTERED]"}, "submit"=>"Sign in!"}
  [1m[36mUser Load (2.3ms)[0m  [1m[34mSELECT  "users".* FROM "users" WHERE "users"."email" = $1 LIMIT $2[0m  [["email", "a"], ["LIMIT", 1]]
  [1m[35mSQL (7.6ms)[0m  [1m[33mUPDATE "users" SET "token" = 'a2d01429e55714219f0ad34444debde3', "updated_at" = '2017-05-05 15:28:17.955519' WHERE "users"."id" = $1[0m  [["id", 6]]
[active_model_serializers] Rendered UserLoginSerializer with ActiveModelSerializers::Adapter::Json (3.1ms)
Completed 200 OK in 128ms (Views: 6.5ms | ActiveRecord: 9.9ms)


Started DELETE "/sign-out/6" for 127.0.0.1 at 2017-05-05 11:28:19 -0400
Processing by UsersController#signout as */*
  Parameters: {"id"=>"6"}
  [1m[36mUser Load (1.9ms)[0m  [1m[34mSELECT  "users".* FROM "users" WHERE "users"."token" = $1 LIMIT $2[0m  [["token", "a2d01429e55714219f0ad34444debde3"], ["LIMIT", 1]]
  [1m[36mUser Load (0.7ms)[0m  [1m[34mSELECT  "users".* FROM "users" WHERE "users"."id" = $1 LIMIT $2[0m  [["id", 6], ["LIMIT", 1]]
  [1m[35mSQL (9.1ms)[0m  [1m[33mUPDATE "users" SET "token" = '57640d106aad8db99a4206de9bc6a150', "updated_at" = '2017-05-05 15:28:19.782378' WHERE "users"."id" = $1[0m  [["id", 6]]
Completed 204 No Content in 19ms (ActiveRecord: 11.6ms)


Started POST "/sign-in" for 127.0.0.1 at 2017-05-05 11:28:22 -0400
Processing by UsersController#signin as */*
  Parameters: {"credentials"=>{"email"=>"a", "password"=>"[FILTERED]"}, "submit"=>"Sign in!"}
  [1m[36mUser Load (0.5ms)[0m  [1m[34mSELECT  "users".* FROM "users" WHERE "users"."email" = $1 LIMIT $2[0m  [["email", "a"], ["LIMIT", 1]]
  [1m[35mSQL (6.1ms)[0m  [1m[33mUPDATE "users" SET "token" = 'f7577428fa18818113ab40bdcb9274e9', "updated_at" = '2017-05-05 15:28:22.587147' WHERE "users"."id" = $1[0m  [["id", 6]]
[active_model_serializers] Rendered UserLoginSerializer with ActiveModelSerializers::Adapter::Json (1.11ms)
Completed 200 OK in 95ms (Views: 2.0ms | ActiveRecord: 6.6ms)


Started DELETE "/sign-out/6" for 127.0.0.1 at 2017-05-05 11:28:24 -0400
Processing by UsersController#signout as */*
  Parameters: {"id"=>"6"}
  [1m[36mUser Load (0.4ms)[0m  [1m[34mSELECT  "users".* FROM "users" WHERE "users"."token" = $1 LIMIT $2[0m  [["token", "f7577428fa18818113ab40bdcb9274e9"], ["LIMIT", 1]]
  [1m[36mUser Load (0.3ms)[0m  [1m[34mSELECT  "users".* FROM "users" WHERE "users"."id" = $1 LIMIT $2[0m  [["id", 6], ["LIMIT", 1]]
  [1m[35mSQL (8.6ms)[0m  [1m[33mUPDATE "users" SET "token" = 'e6944de26f489272fed6a9cbf30960b4', "updated_at" = '2017-05-05 15:28:24.700135' WHERE "users"."id" = $1[0m  [["id", 6]]
Completed 204 No Content in 14ms (ActiveRecord: 9.3ms)


Started POST "/sign-in" for 127.0.0.1 at 2017-05-05 11:29:45 -0400
Processing by UsersController#signin as */*
  Parameters: {"credentials"=>{"email"=>"a", "password"=>"[FILTERED]"}, "submit"=>"Sign in!"}
  [1m[36mUser Load (2.4ms)[0m  [1m[34mSELECT  "users".* FROM "users" WHERE "users"."email" = $1 LIMIT $2[0m  [["email", "a"], ["LIMIT", 1]]
  [1m[35mSQL (13.2ms)[0m  [1m[33mUPDATE "users" SET "token" = 'e7f4db2f6c5def41c26e5f8f516c6ad5', "updated_at" = '2017-05-05 15:29:45.887380' WHERE "users"."id" = $1[0m  [["id", 6]]
Completed 401 Unauthorized in 127ms (ActiveRecord: 15.6ms)


Started POST "/sign-in" for 127.0.0.1 at 2017-05-05 11:29:50 -0400
Processing by UsersController#signin as */*
  Parameters: {"credentials"=>{"email"=>"a", "password"=>"[FILTERED]"}, "submit"=>"Sign in!"}
  [1m[36mUser Load (1.1ms)[0m  [1m[34mSELECT  "users".* FROM "users" WHERE "users"."email" = $1 LIMIT $2[0m  [["email", "a"], ["LIMIT", 1]]
  [1m[35mSQL (16.0ms)[0m  [1m[33mUPDATE "users" SET "token" = '7ad175b8c28c679bc379546bd74f6999', "updated_at" = '2017-05-05 15:29:50.359831' WHERE "users"."id" = $1[0m  [["id", 6]]
[active_model_serializers] Rendered UserLoginSerializer with ActiveModelSerializers::Adapter::Json (2.2ms)
Completed 200 OK in 112ms (Views: 5.1ms | ActiveRecord: 17.2ms)


Started POST "/sign-in" for 127.0.0.1 at 2017-05-05 11:30:24 -0400
Processing by UsersController#signin as */*
  Parameters: {"credentials"=>{"email"=>"a", "password"=>"[FILTERED]"}, "submit"=>"Sign in!"}
  [1m[36mUser Load (0.5ms)[0m  [1m[34mSELECT  "users".* FROM "users" WHERE "users"."email" = $1 LIMIT $2[0m  [["email", "a"], ["LIMIT", 1]]
  [1m[35mSQL (6.6ms)[0m  [1m[33mUPDATE "users" SET "token" = '1742932f27a102b395cf27349b5522d4', "updated_at" = '2017-05-05 15:30:24.516167' WHERE "users"."id" = $1[0m  [["id", 6]]
[active_model_serializers] Rendered UserLoginSerializer with ActiveModelSerializers::Adapter::Json (0.66ms)
Completed 200 OK in 108ms (Views: 3.1ms | ActiveRecord: 7.1ms)


Started POST "/sign-in" for 127.0.0.1 at 2017-05-05 11:31:38 -0400
Processing by UsersController#signin as */*
  Parameters: {"credentials"=>{"email"=>"a", "password"=>"[FILTERED]"}, "submit"=>"Sign in!"}
  [1m[36mUser Load (1.3ms)[0m  [1m[34mSELECT  "users".* FROM "users" WHERE "users"."email" = $1 LIMIT $2[0m  [["email", "a"], ["LIMIT", 1]]
  [1m[35mSQL (7.1ms)[0m  [1m[33mUPDATE "users" SET "token" = 'b2c062923617c0350948ebf013f2b7f2', "updated_at" = '2017-05-05 15:31:38.977644' WHERE "users"."id" = $1[0m  [["id", 6]]
[active_model_serializers] Rendered UserLoginSerializer with ActiveModelSerializers::Adapter::Json (3.83ms)
Completed 200 OK in 152ms (Views: 6.7ms | ActiveRecord: 8.4ms)


Started POST "/sign-in" for 127.0.0.1 at 2017-05-05 11:32:30 -0400
Processing by UsersController#signin as */*
  Parameters: {"credentials"=>{"email"=>"a", "password"=>"[FILTERED]"}, "submit"=>"Sign in!"}
  [1m[36mUser Load (1.0ms)[0m  [1m[34mSELECT  "users".* FROM "users" WHERE "users"."email" = $1 LIMIT $2[0m  [["email", "a"], ["LIMIT", 1]]
  [1m[35mSQL (23.5ms)[0m  [1m[33mUPDATE "users" SET "token" = '03458aa87e855c82e09b60d00f0c3052', "updated_at" = '2017-05-05 15:32:30.615035' WHERE "users"."id" = $1[0m  [["id", 6]]
[active_model_serializers] Rendered UserLoginSerializer with ActiveModelSerializers::Adapter::Json (5.19ms)
Completed 200 OK in 141ms (Views: 5.9ms | ActiveRecord: 24.5ms)


Started POST "/sign-in" for 127.0.0.1 at 2017-05-05 11:32:50 -0400
Processing by UsersController#signin as */*
  Parameters: {"credentials"=>{"email"=>"a", "password"=>"[FILTERED]"}, "submit"=>"Sign in!"}
  [1m[36mUser Load (6.8ms)[0m  [1m[34mSELECT  "users".* FROM "users" WHERE "users"."email" = $1 LIMIT $2[0m  [["email", "a"], ["LIMIT", 1]]
  [1m[35mSQL (6.9ms)[0m  [1m[33mUPDATE "users" SET "token" = '8c3317c51350fa30adbfe29eb771cf4d', "updated_at" = '2017-05-05 15:32:50.446730' WHERE "users"."id" = $1[0m  [["id", 6]]
[active_model_serializers] Rendered UserLoginSerializer with ActiveModelSerializers::Adapter::Json (0.63ms)
Completed 200 OK in 111ms (Views: 3.9ms | ActiveRecord: 13.7ms)


Started POST "/sign-in" for 127.0.0.1 at 2017-05-05 11:37:02 -0400
Processing by UsersController#signin as */*
  Parameters: {"credentials"=>{"email"=>"a", "password"=>"[FILTERED]"}, "submit"=>"Sign in!"}
  [1m[36mUser Load (1.1ms)[0m  [1m[34mSELECT  "users".* FROM "users" WHERE "users"."email" = $1 LIMIT $2[0m  [["email", "a"], ["LIMIT", 1]]
  [1m[35mSQL (5.4ms)[0m  [1m[33mUPDATE "users" SET "token" = '36b37b06ff966f781aa8a9fb012de181', "updated_at" = '2017-05-05 15:37:02.186813' WHERE "users"."id" = $1[0m  [["id", 6]]
[active_model_serializers] Rendered UserLoginSerializer with ActiveModelSerializers::Adapter::Json (9.85ms)
Completed 200 OK in 157ms (Views: 14.2ms | ActiveRecord: 6.5ms)


Started DELETE "/sign-out/6" for 127.0.0.1 at 2017-05-05 11:37:04 -0400
Processing by UsersController#signout as */*
  Parameters: {"id"=>"6"}
  [1m[36mUser Load (1.1ms)[0m  [1m[34mSELECT  "users".* FROM "users" WHERE "users"."token" = $1 LIMIT $2[0m  [["token", "36b37b06ff966f781aa8a9fb012de181"], ["LIMIT", 1]]
  [1m[36mUser Load (0.5ms)[0m  [1m[34mSELECT  "users".* FROM "users" WHERE "users"."id" = $1 LIMIT $2[0m  [["id", 6], ["LIMIT", 1]]
  [1m[35mSQL (6.9ms)[0m  [1m[33mUPDATE "users" SET "token" = 'f811a64af8c67bf1b452b8385568566a', "updated_at" = '2017-05-05 15:37:04.316239' WHERE "users"."id" = $1[0m  [["id", 6]]
Completed 204 No Content in 15ms (ActiveRecord: 8.5ms)


Started POST "/sign-in" for 127.0.0.1 at 2017-05-05 11:40:59 -0400
Processing by UsersController#signin as */*
  Parameters: {"credentials"=>{"email"=>"a", "password"=>"[FILTERED]"}, "submit"=>"Sign in!"}
  [1m[36mUser Load (1.6ms)[0m  [1m[34mSELECT  "users".* FROM "users" WHERE "users"."email" = $1 LIMIT $2[0m  [["email", "a"], ["LIMIT", 1]]
  [1m[35mSQL (7.0ms)[0m  [1m[33mUPDATE "users" SET "token" = '40f1001eb3e93d033971a5e150406b2e', "updated_at" = '2017-05-05 15:40:59.930359' WHERE "users"."id" = $1[0m  [["id", 6]]
[active_model_serializers] Rendered UserLoginSerializer with ActiveModelSerializers::Adapter::Json (2.5ms)
Completed 200 OK in 142ms (Views: 6.1ms | ActiveRecord: 8.6ms)


Started DELETE "/sign-out/6" for 127.0.0.1 at 2017-05-05 11:41:02 -0400
Processing by UsersController#signout as */*
  Parameters: {"id"=>"6"}
  [1m[36mUser Load (1.1ms)[0m  [1m[34mSELECT  "users".* FROM "users" WHERE "users"."token" = $1 LIMIT $2[0m  [["token", "40f1001eb3e93d033971a5e150406b2e"], ["LIMIT", 1]]
  [1m[36mUser Load (0.5ms)[0m  [1m[34mSELECT  "users".* FROM "users" WHERE "users"."id" = $1 LIMIT $2[0m  [["id", 6], ["LIMIT", 1]]
  [1m[35mSQL (9.5ms)[0m  [1m[33mUPDATE "users" SET "token" = '062604a59666115d06cf5cc3d155c15d', "updated_at" = '2017-05-05 15:41:02.839624' WHERE "users"."id" = $1[0m  [["id", 6]]
Completed 204 No Content in 19ms (ActiveRecord: 11.1ms)


Started POST "/sign-in" for 127.0.0.1 at 2017-05-05 11:41:36 -0400
Processing by UsersController#signin as */*
  Parameters: {"credentials"=>{"email"=>"a", "password"=>"[FILTERED]"}, "submit"=>"Sign in!"}
  [1m[36mUser Load (0.6ms)[0m  [1m[34mSELECT  "users".* FROM "users" WHERE "users"."email" = $1 LIMIT $2[0m  [["email", "a"], ["LIMIT", 1]]
  [1m[35mSQL (6.9ms)[0m  [1m[33mUPDATE "users" SET "token" = '2cf6c44fa837c319cce9930012743c52', "updated_at" = '2017-05-05 15:41:36.871646' WHERE "users"."id" = $1[0m  [["id", 6]]
[active_model_serializers] Rendered UserLoginSerializer with ActiveModelSerializers::Adapter::Json (0.43ms)
Completed 200 OK in 117ms (Views: 1.3ms | ActiveRecord: 7.5ms)


Started DELETE "/sign-out/6" for 127.0.0.1 at 2017-05-05 11:41:40 -0400
Processing by UsersController#signout as */*
  Parameters: {"id"=>"6"}
  [1m[36mUser Load (0.7ms)[0m  [1m[34mSELECT  "users".* FROM "users" WHERE "users"."token" = $1 LIMIT $2[0m  [["token", "2cf6c44fa837c319cce9930012743c52"], ["LIMIT", 1]]
  [1m[36mUser Load (0.6ms)[0m  [1m[34mSELECT  "users".* FROM "users" WHERE "users"."id" = $1 LIMIT $2[0m  [["id", 6], ["LIMIT", 1]]
  [1m[35mSQL (6.5ms)[0m  [1m[33mUPDATE "users" SET "token" = '464a84f9806e024657c44e853c7ced62', "updated_at" = '2017-05-05 15:41:40.145498' WHERE "users"."id" = $1[0m  [["id", 6]]
Completed 204 No Content in 20ms (ActiveRecord: 7.7ms)


Started POST "/sign-in" for 127.0.0.1 at 2017-05-05 11:42:27 -0400
Processing by UsersController#signin as */*
  Parameters: {"credentials"=>{"email"=>"a", "password"=>"[FILTERED]"}, "submit"=>"Sign in!"}
  [1m[36mUser Load (1.5ms)[0m  [1m[34mSELECT  "users".* FROM "users" WHERE "users"."email" = $1 LIMIT $2[0m  [["email", "a"], ["LIMIT", 1]]
  [1m[35mSQL (17.4ms)[0m  [1m[33mUPDATE "users" SET "token" = 'f9e7b80ee7a6072eed325d41ddc775ec', "updated_at" = '2017-05-05 15:42:27.507716' WHERE "users"."id" = $1[0m  [["id", 6]]
[active_model_serializers] Rendered UserLoginSerializer with ActiveModelSerializers::Adapter::Json (1.48ms)
Completed 200 OK in 118ms (Views: 2.4ms | ActiveRecord: 18.9ms)


Started POST "/sign-in" for 127.0.0.1 at 2017-05-05 11:42:52 -0400
Processing by UsersController#signin as */*
  Parameters: {"credentials"=>{"email"=>"a", "password"=>"[FILTERED]"}, "submit"=>"Sign in!"}
  [1m[36mUser Load (1.1ms)[0m  [1m[34mSELECT  "users".* FROM "users" WHERE "users"."email" = $1 LIMIT $2[0m  [["email", "a"], ["LIMIT", 1]]
  [1m[35mSQL (8.3ms)[0m  [1m[33mUPDATE "users" SET "token" = '75ddd0574804f487ce515e21ed00b663', "updated_at" = '2017-05-05 15:42:52.381886' WHERE "users"."id" = $1[0m  [["id", 6]]
[active_model_serializers] Rendered UserLoginSerializer with ActiveModelSerializers::Adapter::Json (8.91ms)
Completed 200 OK in 119ms (Views: 9.8ms | ActiveRecord: 9.4ms)


Started POST "/sign-in" for 127.0.0.1 at 2017-05-05 11:43:13 -0400
Processing by UsersController#signin as */*
  Parameters: {"credentials"=>{"email"=>"a", "password"=>"[FILTERED]"}, "submit"=>"Sign in!"}
  [1m[36mUser Load (0.5ms)[0m  [1m[34mSELECT  "users".* FROM "users" WHERE "users"."email" = $1 LIMIT $2[0m  [["email", "a"], ["LIMIT", 1]]
  [1m[35mSQL (7.8ms)[0m  [1m[33mUPDATE "users" SET "token" = '3f32f5c2c52a3f17b023ce5a46c937c2', "updated_at" = '2017-05-05 15:43:13.058832' WHERE "users"."id" = $1[0m  [["id", 6]]
[active_model_serializers] Rendered UserLoginSerializer with ActiveModelSerializers::Adapter::Json (8.73ms)
Completed 200 OK in 114ms (Views: 9.6ms | ActiveRecord: 8.3ms)


Started DELETE "/sign-out/6" for 127.0.0.1 at 2017-05-05 11:43:23 -0400
Processing by UsersController#signout as */*
  Parameters: {"id"=>"6"}
  [1m[36mUser Load (0.8ms)[0m  [1m[34mSELECT  "users".* FROM "users" WHERE "users"."token" = $1 LIMIT $2[0m  [["token", "3f32f5c2c52a3f17b023ce5a46c937c2"], ["LIMIT", 1]]
  [1m[36mUser Load (0.6ms)[0m  [1m[34mSELECT  "users".* FROM "users" WHERE "users"."id" = $1 LIMIT $2[0m  [["id", 6], ["LIMIT", 1]]
  [1m[35mSQL (6.7ms)[0m  [1m[33mUPDATE "users" SET "token" = '496877904442b6e016df233f3f165ccf', "updated_at" = '2017-05-05 15:43:23.976950' WHERE "users"."id" = $1[0m  [["id", 6]]
Completed 204 No Content in 16ms (ActiveRecord: 8.1ms)


Started POST "/sign-in" for 127.0.0.1 at 2017-05-05 11:43:29 -0400
Processing by UsersController#signin as */*
  Parameters: {"credentials"=>{"email"=>"a", "password"=>"[FILTERED]"}, "submit"=>"Sign in!"}
  [1m[36mUser Load (0.5ms)[0m  [1m[34mSELECT  "users".* FROM "users" WHERE "users"."email" = $1 LIMIT $2[0m  [["email", "a"], ["LIMIT", 1]]
  [1m[35mSQL (6.8ms)[0m  [1m[33mUPDATE "users" SET "token" = 'a332f0ddc8d5bba75c87934ec3f16738', "updated_at" = '2017-05-05 15:43:29.405668' WHERE "users"."id" = $1[0m  [["id", 6]]
[active_model_serializers] Rendered UserLoginSerializer with ActiveModelSerializers::Adapter::Json (0.36ms)
Completed 200 OK in 116ms (Views: 4.8ms | ActiveRecord: 7.3ms)


Started DELETE "/sign-out/6" for 127.0.0.1 at 2017-05-05 11:43:34 -0400
Processing by UsersController#signout as */*
  Parameters: {"id"=>"6"}
  [1m[36mUser Load (0.6ms)[0m  [1m[34mSELECT  "users".* FROM "users" WHERE "users"."token" = $1 LIMIT $2[0m  [["token", "a332f0ddc8d5bba75c87934ec3f16738"], ["LIMIT", 1]]
  [1m[36mUser Load (0.5ms)[0m  [1m[34mSELECT  "users".* FROM "users" WHERE "users"."id" = $1 LIMIT $2[0m  [["id", 6], ["LIMIT", 1]]
  [1m[35mSQL (6.5ms)[0m  [1m[33mUPDATE "users" SET "token" = 'cccd32b95c57a72a1f4333d32cb7d395', "updated_at" = '2017-05-05 15:43:34.946681' WHERE "users"."id" = $1[0m  [["id", 6]]
Completed 204 No Content in 13ms (ActiveRecord: 7.5ms)


Started POST "/sign-in" for 127.0.0.1 at 2017-05-05 11:46:38 -0400
Processing by UsersController#signin as */*
  Parameters: {"credentials"=>{"email"=>"a", "password"=>"[FILTERED]"}, "submit"=>"Sign in!"}
  [1m[36mUser Load (7.9ms)[0m  [1m[34mSELECT  "users".* FROM "users" WHERE "users"."email" = $1 LIMIT $2[0m  [["email", "a"], ["LIMIT", 1]]
  [1m[35mSQL (7.9ms)[0m  [1m[33mUPDATE "users" SET "token" = '70a7718ca1b9002c541482d3efe5e87a', "updated_at" = '2017-05-05 15:46:38.356047' WHERE "users"."id" = $1[0m  [["id", 6]]
[active_model_serializers] Rendered UserLoginSerializer with ActiveModelSerializers::Adapter::Json (3.26ms)
Completed 200 OK in 151ms (Views: 6.9ms | ActiveRecord: 15.8ms)


Started DELETE "/sign-out/6" for 127.0.0.1 at 2017-05-05 11:46:48 -0400
Processing by UsersController#signout as */*
  Parameters: {"id"=>"6"}
  [1m[36mUser Load (1.0ms)[0m  [1m[34mSELECT  "users".* FROM "users" WHERE "users"."token" = $1 LIMIT $2[0m  [["token", "70a7718ca1b9002c541482d3efe5e87a"], ["LIMIT", 1]]
  [1m[36mUser Load (1.2ms)[0m  [1m[34mSELECT  "users".* FROM "users" WHERE "users"."id" = $1 LIMIT $2[0m  [["id", 6], ["LIMIT", 1]]
  [1m[35mSQL (1.0ms)[0m  [1m[33mUPDATE "users" SET "token" = 'ec29bc74190518bcbbe87734eb14c55d', "updated_at" = '2017-05-05 15:46:48.279599' WHERE "users"."id" = $1[0m  [["id", 6]]
Completed 204 No Content in 12ms (ActiveRecord: 3.3ms)


Started POST "/sign-in" for 127.0.0.1 at 2017-05-05 11:46:53 -0400
Processing by UsersController#signin as */*
  Parameters: {"credentials"=>{"email"=>"a", "password"=>"[FILTERED]"}, "submit"=>"Sign in!"}
  [1m[36mUser Load (1.1ms)[0m  [1m[34mSELECT  "users".* FROM "users" WHERE "users"."email" = $1 LIMIT $2[0m  [["email", "a"], ["LIMIT", 1]]
  [1m[35mSQL (8.3ms)[0m  [1m[33mUPDATE "users" SET "token" = '0bedc6c95be5f87ef39b4369479257bd', "updated_at" = '2017-05-05 15:46:53.175257' WHERE "users"."id" = $1[0m  [["id", 6]]
[active_model_serializers] Rendered UserLoginSerializer with ActiveModelSerializers::Adapter::Json (8.95ms)
Completed 200 OK in 126ms (Views: 9.8ms | ActiveRecord: 9.4ms)


Started PATCH "/change-password/6" for 127.0.0.1 at 2017-05-05 11:46:58 -0400
Processing by UsersController#changepw as */*
  Parameters: {"passwords"=>"[FILTERED]", "submit"=>"Change password!", "id"=>"6"}
  [1m[36mUser Load (0.6ms)[0m  [1m[34mSELECT  "users".* FROM "users" WHERE "users"."token" = $1 LIMIT $2[0m  [["token", "0bedc6c95be5f87ef39b4369479257bd"], ["LIMIT", 1]]
  [1m[35m (0.2ms)[0m  [1m[35mBEGIN[0m
  [1m[36mUser Exists (0.5ms)[0m  [1m[34mSELECT  1 AS one FROM "users" WHERE "users"."email" = $1 AND ("users"."id" != $2) LIMIT $3[0m  [["email", "a"], ["id", 6], ["LIMIT", 1]]
  [1m[35mSQL (0.5ms)[0m  [1m[33mUPDATE "users" SET "updated_at" = $1, "password_digest" = $2 WHERE "users"."id" = $3[0m  [["updated_at", 2017-05-05 15:46:58 UTC], ["password_digest", "$2a$10$BF4T2J8J5sC.1.BsaBj6FuHfGMC1.5yTxjiUhCMf3.WddLEmcR1nu"], ["id", 6]]
  [1m[35m (6.2ms)[0m  [1m[35mCOMMIT[0m
Completed 204 No Content in 216ms (ActiveRecord: 8.1ms)


Started PATCH "/change-password/6" for 127.0.0.1 at 2017-05-05 11:47:02 -0400
Processing by UsersController#changepw as */*
  Parameters: {"passwords"=>"[FILTERED]", "submit"=>"Change password!", "id"=>"6"}
  [1m[36mUser Load (0.5ms)[0m  [1m[34mSELECT  "users".* FROM "users" WHERE "users"."token" = $1 LIMIT $2[0m  [["token", "0bedc6c95be5f87ef39b4369479257bd"], ["LIMIT", 1]]
  [1m[35m (0.2ms)[0m  [1m[35mBEGIN[0m
  [1m[36mUser Exists (0.5ms)[0m  [1m[34mSELECT  1 AS one FROM "users" WHERE "users"."email" = $1 AND ("users"."id" != $2) LIMIT $3[0m  [["email", "a"], ["id", 6], ["LIMIT", 1]]
  [1m[35mSQL (0.6ms)[0m  [1m[33mUPDATE "users" SET "updated_at" = $1, "password_digest" = $2 WHERE "users"."id" = $3[0m  [["updated_at", 2017-05-05 15:47:02 UTC], ["password_digest", "$2a$10$QzSPFk/GHd2jSglS.IggVeDe98uFw2N0eNtO/Ke.jQOSG4F3/0JKq"], ["id", 6]]
  [1m[35m (6.2ms)[0m  [1m[35mCOMMIT[0m
Completed 204 No Content in 214ms (ActiveRecord: 8.0ms)


Started DELETE "/sign-out/6" for 127.0.0.1 at 2017-05-05 11:47:13 -0400
Processing by UsersController#signout as */*
  Parameters: {"id"=>"6"}
  [1m[36mUser Load (0.5ms)[0m  [1m[34mSELECT  "users".* FROM "users" WHERE "users"."token" = $1 LIMIT $2[0m  [["token", "0bedc6c95be5f87ef39b4369479257bd"], ["LIMIT", 1]]
  [1m[36mUser Load (0.3ms)[0m  [1m[34mSELECT  "users".* FROM "users" WHERE "users"."id" = $1 LIMIT $2[0m  [["id", 6], ["LIMIT", 1]]
  [1m[35mSQL (6.8ms)[0m  [1m[33mUPDATE "users" SET "token" = '99ac4db8f71ff01a2d31e8aa22dddf4c', "updated_at" = '2017-05-05 15:47:13.040383' WHERE "users"."id" = $1[0m  [["id", 6]]
Completed 204 No Content in 16ms (ActiveRecord: 7.7ms)


